\BOOKMARK [0][-]{figure.caption.1}{\376\377\000D\000A\000F\000T\000A\000R\000\040\000G\000A\000M\000B\000A\000R}{}% 1
\BOOKMARK [0][-]{figure.caption.1}{\376\377\000D\000A\000F\000T\000A\000R\000\040\000T\000A\000B\000E\000L}{}% 2
\BOOKMARK [0][-]{chapter.1}{\376\377\000P\000E\000N\000D\000A\000H\000U\000L\000U\000A\000N}{}% 3
\BOOKMARK [1][-]{section.1.1}{\376\377\000L\000a\000t\000a\000r\000\040\000B\000e\000l\000a\000k\000a\000n\000g}{chapter.1}% 4
\BOOKMARK [1][-]{section.1.2}{\376\377\000R\000u\000m\000u\000s\000a\000n\000\040\000M\000a\000s\000a\000l\000a\000h}{chapter.1}% 5
\BOOKMARK [1][-]{section.1.3}{\376\377\000T\000u\000j\000u\000a\000n}{chapter.1}% 6
\BOOKMARK [1][-]{section.1.4}{\376\377\000B\000a\000t\000a\000s\000a\000n\000\040\000M\000a\000s\000a\000l\000a\000h}{chapter.1}% 7
\BOOKMARK [1][-]{section.1.5}{\376\377\000M\000e\000t\000o\000d\000o\000l\000o\000g\000i}{chapter.1}% 8
\BOOKMARK [0][-]{chapter.2}{\376\377\000S\000T\000U\000D\000I\000\040\000L\000I\000T\000E\000R\000A\000T\000U\000R}{}% 9
\BOOKMARK [1][-]{section.2.1}{\376\377\000K\000e\000b\000i\000j\000a\000k\000a\000n\000\040\000M\000o\000n\000e\000t\000e\000r\000\040\000d\000a\000n\000\040\000V\000a\000r\000i\000a\000b\000e\000l\000\040\000M\000a\000k\000r\000o\000e\000k\000o\000n\000o\000m\000i}{chapter.2}% 10
\BOOKMARK [2][-]{subsection.2.1.1}{\376\377\000S\000u\000k\000u\000\040\000B\000u\000n\000g\000a\000\040\000A\000c\000u\000a\000n\000\040\000B\000a\000n\000k\000\040\000I\000n\000d\000o\000n\000e\000s\000i\000a\000\040\000\050\000B\000I\000-\000R\000a\000t\000e\000\051}{section.2.1}% 11
\BOOKMARK [2][-]{subsection.2.1.2}{\376\377\000T\000e\000o\000r\000i\000\040\000P\000e\000n\000e\000t\000a\000p\000a\000n\000\040\000S\000u\000k\000u\000\040\000B\000u\000n\000g\000a\000\040\000\050\000T\000a\000y\000l\000o\000r\000\040\000R\000u\000l\000e\000\051}{section.2.1}% 12
\BOOKMARK [2][-]{subsection.2.1.3}{\376\377\000I\000n\000d\000i\000k\000a\000t\000o\000r\000\040\000M\000a\000k\000r\000o\000e\000k\000o\000n\000o\000m\000i\000\040\000P\000e\000n\000e\000n\000t\000u\000\040\000S\000u\000k\000u\000\040\000B\000u\000n\000g\000a}{section.2.1}% 13
\BOOKMARK [3][-]{subsubsection.2.1.3.1}{\376\377\000I\000n\000d\000i\000k\000a\000t\000o\000r\000\040\000D\000o\000m\000e\000s\000t\000i\000k}{subsection.2.1.3}% 14
\BOOKMARK [3][-]{subsubsection.2.1.3.2}{\376\377\000I\000n\000d\000i\000k\000a\000t\000o\000r\000\040\000G\000l\000o\000b\000a\000l}{subsection.2.1.3}% 15
\BOOKMARK [2][-]{subsection.2.1.4}{\376\377\000H\000u\000b\000u\000n\000g\000a\000n\000\040\000A\000n\000t\000a\000r\000v\000a\000r\000i\000a\000b\000e\000l\000\040\000E\000k\000o\000n\000o\000m\000i}{section.2.1}% 16
\BOOKMARK [1][-]{section.2.2}{\376\377\000M\000o\000d\000e\000l\000\040\000P\000r\000e\000d\000i\000k\000s\000i\000\040\000E\000k\000o\000n\000o\000m\000i\000\040\000B\000e\000r\000b\000a\000s\000i\000s\000\040\000T\000i\000m\000e\000\040\000S\000e\000r\000i\000e\000s}{chapter.2}% 17
\BOOKMARK [2][-]{subsection.2.2.1}{\376\377\000M\000o\000d\000e\000l\000\040\000T\000r\000a\000d\000i\000s\000i\000o\000n\000a\000l\000\040\000\050\000E\000k\000o\000n\000o\000m\000e\000t\000r\000i\000k\000a\000\051}{section.2.2}% 18
\BOOKMARK [3][-]{subsubsection.2.2.1.1}{\376\377\000A\000u\000t\000o\000r\000e\000g\000r\000e\000s\000s\000i\000v\000e\000\040\000I\000n\000t\000e\000g\000r\000a\000t\000e\000d\000\040\000M\000o\000v\000i\000n\000g\000\040\000A\000v\000e\000r\000a\000g\000e\000\040\000\050\000A\000R\000I\000M\000A\000\051}{subsection.2.2.1}% 19
\BOOKMARK [3][-]{subsubsection.2.2.1.2}{\376\377\000V\000e\000c\000t\000o\000r\000\040\000A\000u\000t\000o\000r\000e\000g\000r\000e\000s\000s\000i\000o\000n\000\040\000\050\000V\000A\000R\000\051}{subsection.2.2.1}% 20
\BOOKMARK [3][-]{subsubsection.2.2.1.3}{\376\377\000V\000e\000c\000t\000o\000r\000\040\000E\000r\000r\000o\000r\000\040\000C\000o\000r\000r\000e\000c\000t\000i\000o\000n\000\040\000M\000o\000d\000e\000l\000\040\000\050\000V\000E\000C\000M\000\051}{subsection.2.2.1}% 21
\BOOKMARK [2][-]{subsection.2.2.2}{\376\377\000M\000o\000d\000e\000l\000\040\000M\000a\000c\000h\000i\000n\000e\000\040\000L\000e\000a\000r\000n\000i\000n\000g}{section.2.2}% 22
\BOOKMARK [3][-]{subsubsection.2.2.2.1}{\376\377\000R\000a\000n\000d\000o\000m\000\040\000F\000o\000r\000e\000s\000t\000\040\000R\000e\000g\000r\000e\000s\000s\000o\000r}{subsection.2.2.2}% 23
\BOOKMARK [3][-]{subsubsection.2.2.2.2}{\376\377\000E\000x\000t\000r\000e\000m\000e\000\040\000G\000r\000a\000d\000i\000e\000n\000t\000\040\000B\000o\000o\000s\000t\000i\000n\000g\000\040\000\050\000X\000G\000B\000\051}{subsection.2.2.2}% 24
\BOOKMARK [2][-]{subsection.2.2.3}{\376\377\000M\000o\000d\000e\000l\000\040\000D\000e\000e\000p\000\040\000L\000e\000a\000r\000n\000i\000n\000g}{section.2.2}% 25
\BOOKMARK [3][-]{subsubsection.2.2.3.1}{\376\377\000L\000o\000n\000g\000\040\000S\000h\000o\000r\000t\000-\000T\000e\000r\000m\000\040\000M\000e\000m\000o\000r\000y\000\040\000\050\000L\000S\000T\000M\000\051}{subsection.2.2.3}% 26
\BOOKMARK [3][-]{subsubsection.2.2.3.2}{\376\377\000B\000i\000d\000i\000r\000e\000c\000t\000i\000o\000n\000a\000l\000\040\000L\000o\000n\000g\000\040\000S\000h\000o\000r\000t\000-\000T\000e\000r\000m\000\040\000M\000e\000m\000o\000r\000y\000\040\000\050\000B\000i\000-\000L\000S\000T\000M\000\051}{subsection.2.2.3}% 27
\BOOKMARK [2][-]{subsection.2.2.4}{\376\377\000M\000e\000t\000o\000d\000e\000\040\000E\000v\000a\000l\000u\000a\000s\000i\000\040\000M\000o\000d\000e\000l}{section.2.2}% 28
\BOOKMARK [3][-]{subsubsection.2.2.4.1}{\376\377\000R\000o\000o\000t\000\040\000M\000e\000a\000n\000\040\000S\000q\000u\000a\000r\000e\000d\000\040\000E\000r\000r\000o\000r\000\040\000\050\000R\000M\000S\000E\000\051}{subsection.2.2.4}% 29
\BOOKMARK [3][-]{subsubsection.2.2.4.2}{\376\377\000M\000e\000a\000n\000\040\000A\000b\000s\000o\000l\000u\000t\000e\000\040\000P\000e\000r\000c\000e\000n\000t\000a\000g\000e\000\040\000E\000r\000r\000o\000r\000\040\000\050\000M\000A\000P\000E\000\051}{subsection.2.2.4}% 30
\BOOKMARK [3][-]{subsubsection.2.2.4.3}{\376\377\000R\000-\000s\000q\000u\000a\000r\000e\000d\000\040\000\050\000R\0002\000\051}{subsection.2.2.4}% 31
\BOOKMARK [1][-]{section.2.3}{\376\377\000E\000x\000p\000l\000a\000i\000n\000a\000b\000l\000e\000\040\000A\000r\000t\000i\000f\000i\000c\000i\000a\000l\000\040\000I\000n\000t\000e\000l\000l\000i\000g\000e\000n\000c\000e\000\040\000\050\000X\000A\000I\000\051}{chapter.2}% 32
\BOOKMARK [2][-]{subsection.2.3.1}{\376\377\000T\000a\000k\000s\000o\000n\000o\000m\000i\000\040\000M\000e\000t\000o\000d\000e\000\040\000X\000A\000I}{section.2.3}% 33
\BOOKMARK [3][-]{subsubsection.2.3.1.1}{\376\377\000S\000H\000a\000p\000l\000e\000y\000\040\000A\000d\000d\000i\000t\000i\000v\000e\000\040\000e\000x\000P\000l\000a\000n\000a\000t\000i\000o\000n\000s\000\040\000\050\000S\000H\000A\000P\000\051}{subsection.2.3.1}% 34
\BOOKMARK [3][-]{subsubsection.2.3.1.2}{\376\377\000L\000o\000c\000a\000l\000\040\000I\000n\000t\000e\000r\000p\000r\000e\000t\000a\000b\000l\000e\000\040\000M\000o\000d\000e\000l\000-\000A\000g\000n\000o\000s\000t\000i\000c\000\040\000E\000x\000p\000l\000a\000n\000a\000t\000i\000o\000n\000s\000\040\000\050\000L\000I\000M\000E\000\051}{subsection.2.3.1}% 35
\BOOKMARK [3][-]{subsubsection.2.3.1.3}{\376\377\000P\000e\000r\000m\000u\000t\000a\000t\000i\000o\000n\000\040\000F\000e\000a\000t\000u\000r\000e\000\040\000I\000m\000p\000o\000r\000t\000a\000n\000c\000e\000\040\000\050\000P\000F\000I\000\051}{subsection.2.3.1}% 36
\BOOKMARK [2][-]{subsection.2.3.2}{\376\377\000P\000e\000n\000e\000r\000a\000p\000a\000n\000\040\000X\000A\000I\000\040\000d\000a\000l\000a\000m\000\040\000P\000r\000e\000d\000i\000k\000s\000i\000\040\000E\000k\000o\000n\000o\000m\000i}{section.2.3}% 37
\BOOKMARK [1][-]{section.2.4}{\376\377\000L\000a\000r\000g\000e\000\040\000L\000a\000n\000g\000u\000a\000g\000e\000\040\000M\000o\000d\000e\000l\000\040\000\050\000L\000L\000M\000\051}{chapter.2}% 38
\BOOKMARK [2][-]{subsection.2.4.1}{\376\377\000O\000p\000e\000n\000A\000I\000\040\000G\000P\000T\000-\0004\000o}{section.2.4}% 39
\BOOKMARK [2][-]{subsection.2.4.2}{\376\377\000M\000e\000t\000a\000\040\000L\000l\000a\000m\000a}{section.2.4}% 40
\BOOKMARK [1][-]{section.2.5}{\376\377\000P\000e\000n\000e\000l\000i\000t\000i\000a\000n\000\040\000T\000e\000r\000k\000a\000i\000t}{chapter.2}% 41
\BOOKMARK [2][-]{subsection.2.5.1}{\376\377\000M\000a\000c\000h\000i\000n\000e\000\040\000L\000e\000a\000r\000n\000i\000n\000g\000\040\000A\000p\000p\000l\000i\000c\000a\000t\000i\000o\000n\000s\000\040\000i\000n\000\040\000C\000e\000n\000t\000r\000a\000l\000\040\000B\000a\000n\000k\000i\000n\000g\000\040\000c\000h\000a\000k\000r\000a\000b\000o\000r\000t\000y\0002\0000\0001\0007\000m\000a\000c\000h\000i\000n\000e}{section.2.5}% 42
\BOOKMARK [2][-]{subsection.2.5.2}{\376\377\000E\000x\000p\000l\000a\000i\000n\000a\000b\000l\000e\000\040\000M\000a\000c\000h\000i\000n\000e\000\040\000L\000e\000a\000r\000n\000i\000n\000g\000\040\000i\000n\000\040\000C\000r\000e\000d\000i\000t\000\040\000R\000i\000s\000k\000\040\000M\000a\000n\000a\000g\000e\000m\000e\000n\000t\000\040\000b\000u\000s\000s\000m\000a\000n\000n\0002\0000\0002\0001\000e\000x\000p\000l\000a\000i\000n\000a\000b\000l\000e}{section.2.5}% 43
\BOOKMARK [2][-]{subsection.2.5.3}{\376\377\000T\000e\000m\000p\000o\000r\000a\000l\000\040\000D\000a\000t\000a\000\040\000M\000e\000e\000t\000s\000\040\000L\000L\000M\000\040\040\023\000\040\000E\000x\000p\000l\000a\000i\000n\000a\000b\000l\000e\000\040\000F\000i\000n\000a\000n\000c\000i\000a\000l\000\040\000T\000i\000m\000e\000\040\000S\000e\000r\000i\000e\000s\000\040\000F\000o\000r\000e\000c\000a\000s\000t\000i\000n\000g\000\040\000y\000u\0002\0000\0002\0003\000t\000e\000m\000p\000o\000r\000a\000l}{section.2.5}% 44
\BOOKMARK [2][-]{subsection.2.5.4}{\376\377\000E\000x\000p\000l\000a\000i\000n\000a\000b\000l\000e\000-\000A\000I\000\040\000p\000o\000w\000e\000r\000e\000d\000\040\000s\000t\000o\000c\000k\000\040\000p\000r\000i\000c\000e\000\040\000p\000r\000e\000d\000i\000c\000t\000i\000o\000n\000\040\000u\000s\000i\000n\000g\000\040\000t\000i\000m\000e\000\040\000s\000e\000r\000i\000e\000s\000\040\000t\000r\000a\000n\000s\000f\000o\000r\000m\000e\000r\000s\000:\000\040\000A\000\040\000C\000a\000s\000e\000\040\000S\000t\000u\000d\000y\000\040\000o\000n\000\040\000B\000I\000S\000T\0001\0000\0000\000\040\000c\000a\000l\000i\000k\0002\0000\0002\0005\000e\000x\000p\000l\000a\000i\000n\000a\000b\000l\000e}{section.2.5}% 45
\BOOKMARK [0][-]{chapter.3}{\376\377\000A\000N\000A\000L\000I\000S\000I\000S\000\040\000M\000A\000S\000A\000L\000A\000H}{}% 46
\BOOKMARK [1][-]{section.3.1}{\376\377\000A\000n\000a\000l\000i\000s\000i\000s\000\040\000K\000o\000n\000d\000i\000s\000i\000\040\000S\000a\000a\000t\000\040\000I\000n\000i}{chapter.3}% 47
\BOOKMARK [2][-]{subsection.3.1.1}{\376\377\000B\000u\000s\000i\000n\000e\000s\000s\000\040\000U\000n\000d\000e\000r\000s\000t\000a\000n\000d\000i\000n\000g}{section.3.1}% 48
\BOOKMARK [2][-]{subsection.3.1.2}{\376\377\000G\000a\000m\000b\000a\000r\000a\000n\000\040\000S\000i\000s\000t\000e\000m\000\040\000S\000a\000a\000t\000\040\000I\000n\000i}{section.3.1}% 49
\BOOKMARK [1][-]{section.3.2}{\376\377\000A\000n\000a\000l\000i\000s\000i\000s\000\040\000K\000e\000b\000u\000t\000u\000h\000a\000n}{chapter.3}% 50
\BOOKMARK [2][-]{subsection.3.2.1}{\376\377\000I\000d\000e\000n\000t\000i\000f\000i\000k\000a\000s\000i\000\040\000M\000a\000s\000a\000l\000a\000h\000\040\000P\000e\000n\000g\000g\000u\000n\000a}{section.3.2}% 51
\BOOKMARK [2][-]{subsection.3.2.2}{\376\377\000K\000e\000b\000u\000t\000u\000h\000a\000n\000\040\000F\000u\000n\000g\000s\000i\000o\000n\000a\000l}{section.3.2}% 52
\BOOKMARK [2][-]{subsection.3.2.3}{\376\377\000K\000e\000b\000u\000t\000u\000h\000a\000n\000\040\000N\000o\000n\000-\000F\000u\000n\000g\000s\000i\000o\000n\000a\000l}{section.3.2}% 53
\BOOKMARK [1][-]{section.3.3}{\376\377\000A\000n\000a\000l\000i\000s\000i\000s\000\040\000P\000e\000m\000i\000l\000i\000h\000a\000n\000\040\000S\000o\000l\000u\000s\000i}{chapter.3}% 54
\BOOKMARK [2][-]{subsection.3.3.1}{\376\377\000S\000e\000l\000e\000k\000s\000i\000\040\000M\000o\000d\000e\000l\000\040\000P\000r\000e\000d\000i\000k\000s\000i}{section.3.3}% 55
\BOOKMARK [2][-]{subsection.3.3.2}{\376\377\000S\000e\000l\000e\000k\000s\000i\000\040\000M\000e\000t\000o\000d\000e\000\040\000X\000A\000I}{section.3.3}% 56
\BOOKMARK [2][-]{subsection.3.3.3}{\376\377\000S\000e\000l\000e\000k\000s\000i\000\040\000M\000o\000d\000e\000l\000\040\000L\000L\000M}{section.3.3}% 57
\BOOKMARK [2][-]{subsection.3.3.4}{\376\377\000P\000e\000n\000e\000n\000t\000u\000a\000n\000\040\000S\000o\000l\000u\000s\000i}{section.3.3}% 58
\BOOKMARK [1][-]{section.3.4}{\376\377\000D\000a\000t\000a\000\040\000U\000n\000d\000e\000r\000s\000t\000a\000n\000d\000i\000n\000g}{chapter.3}% 59
\BOOKMARK [2][-]{subsection.3.4.1}{\376\377\000D\000a\000t\000a\000\040\000O\000v\000e\000r\000v\000i\000e\000w}{section.3.4}% 60
\BOOKMARK [0][-]{chapter.4}{\376\377\000D\000E\000S\000A\000I\000N\000\040\000K\000O\000N\000S\000E\000P\000\040\000S\000O\000L\000U\000S\000I}{}% 61
\BOOKMARK [1][-]{section.4.1}{\376\377\000D\000e\000s\000a\000i\000n\000\040\000S\000o\000l\000u\000s\000i}{chapter.4}% 62
\BOOKMARK [0][-]{chapter.5}{\376\377\000R\000E\000N\000C\000A\000N\000A\000\040\000S\000E\000L\000A\000N\000J\000U\000T\000N\000Y\000A}{}% 63
\BOOKMARK [1][-]{section.5.1}{\376\377\000R\000e\000n\000c\000a\000n\000a\000\040\000I\000m\000p\000l\000e\000m\000e\000n\000t\000a\000s\000i}{chapter.5}% 64
\BOOKMARK [2][-]{subsection.5.1.1}{\376\377\000P\000e\000r\000k\000a\000k\000a\000s\000\040\000y\000a\000n\000g\000\040\000D\000i\000b\000u\000t\000u\000h\000k\000a\000n}{section.5.1}% 65
\BOOKMARK [2][-]{subsection.5.1.2}{\376\377\000L\000i\000n\000i\000m\000a\000s\000a\000\040\000P\000e\000n\000g\000e\000r\000j\000a\000a\000n\000\040\000T\000u\000g\000a\000s\000\040\000A\000k\000h\000i\000r}{section.5.1}% 66
\BOOKMARK [1][-]{section.5.2}{\376\377\000R\000e\000n\000c\000a\000n\000a\000\040\000A\000n\000g\000g\000a\000r\000a\000n\000\040\000B\000i\000a\000y\000a}{chapter.5}% 67
\BOOKMARK [1][-]{section.5.3}{\376\377\000D\000e\000s\000a\000i\000n\000\040\000P\000e\000n\000g\000u\000j\000i\000a\000n\000\040\000d\000a\000n\000\040\000E\000v\000a\000l\000u\000a\000s\000i}{chapter.5}% 68
\BOOKMARK [2][-]{subsection.5.3.1}{\376\377\000V\000e\000r\000i\000f\000i\000k\000a\000s\000i\000\040\000K\000i\000n\000e\000r\000j\000a\000\040\000M\000o\000d\000e\000l}{section.5.3}% 69
\BOOKMARK [2][-]{subsection.5.3.2}{\376\377\000V\000a\000l\000i\000d\000a\000s\000i\000\040\000E\000k\000o\000n\000o\000m\000i}{section.5.3}% 70
\BOOKMARK [1][-]{section.5.4}{\376\377\000A\000n\000a\000l\000i\000s\000i\000s\000\040\000R\000i\000s\000i\000k\000o\000\040\000d\000a\000n\000\040\000M\000i\000t\000i\000g\000a\000s\000i}{chapter.5}% 71
